# JRE version: Java(TM) SE Runtime Environment (21.0.8+12) (build 21.0.8+12-LTS-250)
# Java VM: Java HotSpot(TM) 64-Bit Server VM (21.0.8+12-LTS-250, mixed mode, sharing, tiered, compressed oops, compressed class ptrs, g1 gc, windows-amd64)
GC Precious Log:
 CardTable entry size: 512
 Card Set container configuration: InlinePtr #cards 5 size 8 Array Of Cards #cards 12 size 40 Howl #buckets 4 coarsen threshold 1843 Howl Bitmap #cards 512 size 80 coarsen threshold 460 Card regions per heap region 1 cards per card region 2048
 CPUs: 16 total, 16 available
 Memory: 15676M
 Large Page Support: Disabled
 NUMA Support: Disabled
 Compressed Oops: Enabled (32-bit)
 Heap Region Size: 1M
 Heap Min Capacity: 128M
 Heap Initial Capacity: 128M
 Heap Max Capacity: 512M
 Pre-touch: Disabled
 Parallel Workers: 13
 Concurrent Workers: 3
 Concurrent Refinement Workers: 13
 Periodic GC: Disabled
Heap:
 garbage-first heap   total 133120K, used 86456K [0x00000000e0000000, 0x0000000100000000)
  region size 1024K, 16 young (16384K), 6 survivors (6144K)
 Metaspace       used 43573K, committed 44160K, reserved 1114112K
  class space    used 4916K, committed 5184K, reserved 1048576K
GC Heap History (20 events):
Event: 0.989 GC heap before
{Heap before GC invocations=1 (full 0):
 garbage-first heap   total 131072K, used 35602K [0x00000000e0000000, 0x0000000100000000)
  region size 1024K, 34 young (34816K), 3 survivors (3072K)
 Metaspace       used 9706K, committed 9920K, reserved 1114112K
  class space    used 1137K, committed 1216K, reserved 1048576K
}
Event: 0.992 GC heap after
{Heap after GC invocations=2 (full 0):
 garbage-first heap   total 131072K, used 5767K [0x00000000e0000000, 0x0000000100000000)
  region size 1024K, 2 young (2048K), 2 survivors (2048K)
 Metaspace       used 9706K, committed 9920K, reserved 1114112K
  class space    used 1137K, committed 1216K, reserved 1048576K
}
Event: 2.133 GC heap before
{Heap before GC invocations=2 (full 0):
 garbage-first heap   total 131072K, used 81543K [0x00000000e0000000, 0x0000000100000000)
  region size 1024K, 76 young (77824K), 2 survivors (2048K)
 Metaspace       used 16159K, committed 16448K, reserved 1114112K
  class space    used 1851K, committed 1984K, reserved 1048576K
}
Event: 2.142 GC heap after
{Heap after GC invocations=3 (full 0):
 garbage-first heap   total 131072K, used 14107K [0x00000000e0000000, 0x0000000100000000)
  region size 1024K, 10 young (10240K), 10 survivors (10240K)
 Metaspace       used 16159K, committed 16448K, reserved 1114112K
  class space    used 1851K, committed 1984K, reserved 1048576K
}
Event: 2.974 GC heap before
{Heap before GC invocations=3 (full 0):
 garbage-first heap   total 131072K, used 80667K [0x00000000e0000000, 0x0000000100000000)
  region size 1024K, 76 young (77824K), 10 survivors (10240K)
 Metaspace       used 19190K, committed 19456K, reserved 1114112K
  class space    used 2111K, committed 2240K, reserved 1048576K
}
Event: 2.982 GC heap after
{Heap after GC invocations=4 (full 0):
 garbage-first heap   total 131072K, used 20515K [0x00000000e0000000, 0x0000000100000000)
  region size 1024K, 7 young (7168K), 7 survivors (7168K)
 Metaspace       used 19190K, committed 19456K, reserved 1114112K
  class space    used 2111K, committed 2240K, reserved 1048576K
}
Event: 3.832 GC heap before
{Heap before GC invocations=4 (full 0):
 garbage-first heap   total 131072K, used 29731K [0x00000000e0000000, 0x0000000100000000)
  region size 1024K, 17 young (17408K), 7 survivors (7168K)
 Metaspace       used 21294K, committed 21504K, reserved 1114112K
  class space    used 2383K, committed 2496K, reserved 1048576K
}
Event: 3.836 GC heap after
{Heap after GC invocations=5 (full 0):
 garbage-first heap   total 131072K, used 21328K [0x00000000e0000000, 0x0000000100000000)
  region size 1024K, 3 young (3072K), 3 survivors (3072K)
 Metaspace       used 21294K, committed 21504K, reserved 1114112K
  class space    used 2383K, committed 2496K, reserved 1048576K
}
Event: 6.785 GC heap before
{Heap before GC invocations=6 (full 0):
 garbage-first heap   total 131072K, used 96080K [0x00000000e0000000, 0x0000000100000000)
  region size 1024K, 76 young (77824K), 3 survivors (3072K)
 Metaspace       used 26404K, committed 26752K, reserved 1114112K
  class space    used 2946K, committed 3136K, reserved 1048576K
}
Event: 6.789 GC heap after
{Heap after GC invocations=7 (full 0):
 garbage-first heap   total 131072K, used 27090K [0x00000000e0000000, 0x0000000100000000)
  region size 1024K, 8 young (8192K), 8 survivors (8192K)
 Metaspace       used 26404K, committed 26752K, reserved 1114112K
  class space    used 2946K, committed 3136K, reserved 1048576K
}
Event: 7.984 GC heap before
{Heap before GC invocations=7 (full 0):
 garbage-first heap   total 131072K, used 102866K [0x00000000e0000000, 0x0000000100000000)
  region size 1024K, 76 young (77824K), 8 survivors (8192K)
 Metaspace       used 35417K, committed 35776K, reserved 1114112K
  class space    used 3953K, committed 4096K, reserved 1048576K
}
Event: 7.998 GC heap after
{Heap after GC invocations=8 (full 0):
 garbage-first heap   total 131072K, used 49389K [0x00000000e0000000, 0x0000000100000000)
  region size 1024K, 10 young (10240K), 10 survivors (10240K)
 Metaspace       used 35417K, committed 35776K, reserved 1114112K
  class space    used 3953K, committed 4096K, reserved 1048576K
}
Event: 8.120 GC heap before
{Heap before GC invocations=8 (full 0):
 garbage-first heap   total 131072K, used 77037K [0x00000000e0000000, 0x0000000100000000)
  region size 1024K, 38 young (38912K), 10 survivors (10240K)
 Metaspace       used 35771K, committed 36160K, reserved 1114112K
  class space    used 3974K, committed 4160K, reserved 1048576K
}
Event: 8.129 GC heap after
{Heap after GC invocations=9 (full 0):
 garbage-first heap   total 131072K, used 55808K [0x00000000e0000000, 0x0000000100000000)
  region size 1024K, 6 young (6144K), 6 survivors (6144K)
 Metaspace       used 35771K, committed 36160K, reserved 1114112K
  class space    used 3974K, committed 4160K, reserved 1048576K
}
Event: 8.987 GC heap before
{Heap before GC invocations=10 (full 0):
 garbage-first heap   total 131072K, used 100864K [0x00000000e0000000, 0x0000000100000000)
  region size 1024K, 54 young (55296K), 6 survivors (6144K)
 Metaspace       used 38343K, committed 38848K, reserved 1114112K
  class space    used 4278K, committed 4480K, reserved 1048576K
}
Event: 8.992 GC heap after
{Heap after GC invocations=11 (full 0):
 garbage-first heap   total 131072K, used 55159K [0x00000000e0000000, 0x0000000100000000)
  region size 1024K, 3 young (3072K), 3 survivors (3072K)
 Metaspace       used 38343K, committed 38848K, reserved 1114112K
  class space    used 4278K, committed 4480K, reserved 1048576K
}
Event: 9.955 GC heap before
{Heap before GC invocations=11 (full 0):
 garbage-first heap   total 131072K, used 107383K [0x00000000e0000000, 0x0000000100000000)
  region size 1024K, 54 young (55296K), 3 survivors (3072K)
 Metaspace       used 42039K, committed 42624K, reserved 1114112K
  class space    used 4728K, committed 4992K, reserved 1048576K
}
Event: 9.961 GC heap after
{Heap after GC invocations=12 (full 0):
 garbage-first heap   total 131072K, used 59392K [0x00000000e0000000, 0x0000000100000000)
  region size 1024K, 6 young (6144K), 6 survivors (6144K)
 Metaspace       used 42039K, committed 42624K, reserved 1114112K
  class space    used 4728K, committed 4992K, reserved 1048576K
}
Event: 10.179 GC heap before
{Heap before GC invocations=12 (full 0):
 garbage-first heap   total 131072K, used 76800K [0x00000000e0000000, 0x0000000100000000)
  region size 1024K, 18 young (18432K), 6 survivors (6144K)
 Metaspace       used 43458K, committed 44032K, reserved 1114112K
  class space    used 4906K, committed 5184K, reserved 1048576K
}
Event: 10.182 GC heap after
{Heap after GC invocations=13 (full 0):
 garbage-first heap   total 131072K, used 67000K [0x00000000e0000000, 0x0000000100000000)
  region size 1024K, 6 young (6144K), 6 survivors (6144K)
 Metaspace       used 43458K, committed 44032K, reserved 1114112K
  class space    used 4906K, committed 5184K, reserved 1048576K
}

